2022-09-20T22:57:02.940389+0000: ERROR|	 GET /api/car/0/ 404 NOT FOUND
2022-09-20T22:57:02.940389+0000: ERROR|	 GET /api/car/0/ 404 NOT FOUND
2022-09-20T22:57:28.353899+0000: INFO|	 GET /api/car/?page=0&per_page=10/ 200 OK
2022-09-20T22:57:28.353899+0000: INFO|	 GET /api/car/?page=0&per_page=10/ 200 OK
2022-09-20T22:57:34.898264+0000: INFO|	 GET /api/car/3/ 200 OK
2022-09-20T22:57:34.898264+0000: INFO|	 GET /api/car/3/ 200 OK
2022-09-20T22:58:24.465225+0000: INFO|	 POST /api/car/ { car_number : string, model : string, owner : string, odometer : 0.0, picture : string } 200 OK
2022-09-20T22:58:24.465225+0000: INFO|	 POST /api/car/ { car_number : string, model : string, owner : string, odometer : 0.0, picture : string } 200 OK
2022-09-20T22:58:35.896040+0000: INFO|	 POST /api/car/ { car_number : string, model : string, owner : 123, odometer : 0.0, picture : string } 200 OK
2022-09-20T22:58:35.896040+0000: INFO|	 POST /api/car/ { car_number : string, model : string, owner : 123, odometer : 0.0, picture : string } 200 OK
2022-09-20T22:58:44.066678+0000: INFO|	 GET /api/car/?page=0&per_page=10/ 200 OK
2022-09-20T22:58:44.066678+0000: INFO|	 GET /api/car/?page=0&per_page=10/ 200 OK
2022-09-20T22:58:52.967226+0000: INFO|	 POST /api/car/ { car_number : 213, model : string, owner : 123, odometer : 0.0, picture : string } 200 OK
2022-09-20T22:58:52.967226+0000: INFO|	 POST /api/car/ { car_number : 213, model : string, owner : 123, odometer : 0.0, picture : string } 200 OK
2022-09-20T22:58:59.297688+0000: INFO|	 GET /api/car/?page=0&per_page=10/ 200 OK
2022-09-20T22:58:59.297688+0000: INFO|	 GET /api/car/?page=0&per_page=10/ 200 OK
2022-09-20T22:59:38.631796+0000: ERROR|	 UPDATE /api/car/{ id : 0, car_number : string, model : string, owner : string, odometer : 0.0, picture : string } 404 NOT FOUND
2022-09-20T22:59:38.631796+0000: ERROR|	 UPDATE /api/car/{ id : 0, car_number : string, model : string, owner : string, odometer : 0.0, picture : string } 404 NOT FOUND
2022-09-20T22:59:55.303013+0000: INFO|	 UPDATE /api/car/{ id : 3, car_number : 3d, model : string, owner : string, odometer : 0.0, picture : string } 200 OK
2022-09-20T22:59:55.303013+0000: INFO|	 UPDATE /api/car/{ id : 3, car_number : 3d, model : string, owner : string, odometer : 0.0, picture : string } 200 OK
2022-09-20T23:00:02.596653+0000: INFO|	 GET /api/car/?page=0&per_page=10/ 200 OK
2022-09-20T23:00:02.596653+0000: INFO|	 GET /api/car/?page=0&per_page=10/ 200 OK
2022-09-20T23:00:26.220504+0000: ERROR|	 DELETE /api/car/0/ 404 NOT FOUND
2022-09-20T23:00:26.220504+0000: ERROR|	 DELETE /api/car/0/ 404 NOT FOUND
2022-09-20T23:00:29.972439+0000: INFO|	 DELETE /api/car/3/ 200 OK
2022-09-20T23:00:29.972439+0000: INFO|	 DELETE /api/car/3/ 200 OK
2022-09-20T23:00:35.273459+0000: INFO|	 DELETE /api/car/4/ 200 OK
2022-09-20T23:00:35.273459+0000: INFO|	 DELETE /api/car/4/ 200 OK
2022-09-20T23:00:39.000807+0000: INFO|	 GET /api/car/?page=0&per_page=10/ 200 OK
2022-09-20T23:00:39.000807+0000: INFO|	 GET /api/car/?page=0&per_page=10/ 200 OK
