2022-09-20T22:57:02.940389+0000: ERROR|	 GET /api/car/0/ 404 NOT FOUND
2022-09-20T22:57:02.940389+0000: ERROR|	 GET /api/car/0/ 404 NOT FOUND
2022-09-20T22:57:28.353899+0000: INFO|	 GET /api/car/?page=0&per_page=10/ 200 OK
2022-09-20T22:57:28.353899+0000: INFO|	 GET /api/car/?page=0&per_page=10/ 200 OK
2022-09-20T22:57:34.898264+0000: INFO|	 GET /api/car/3/ 200 OK
2022-09-20T22:57:34.898264+0000: INFO|	 GET /api/car/3/ 200 OK
2022-09-20T22:58:24.465225+0000: INFO|	 POST /api/car/ { car_number : string, model : string, owner : string, odometer : 0.0, picture : string } 200 OK
2022-09-20T22:58:24.465225+0000: INFO|	 POST /api/car/ { car_number : string, model : string, owner : string, odometer : 0.0, picture : string } 200 OK
2022-09-20T22:58:35.896040+0000: INFO|	 POST /api/car/ { car_number : string, model : string, owner : 123, odometer : 0.0, picture : string } 200 OK
2022-09-20T22:58:35.896040+0000: INFO|	 POST /api/car/ { car_number : string, model : string, owner : 123, odometer : 0.0, picture : string } 200 OK
2022-09-20T22:58:44.066678+0000: INFO|	 GET /api/car/?page=0&per_page=10/ 200 OK
2022-09-20T22:58:44.066678+0000: INFO|	 GET /api/car/?page=0&per_page=10/ 200 OK
2022-09-20T22:58:52.967226+0000: INFO|	 POST /api/car/ { car_number : 213, model : string, owner : 123, odometer : 0.0, picture : string } 200 OK
2022-09-20T22:58:52.967226+0000: INFO|	 POST /api/car/ { car_number : 213, model : string, owner : 123, odometer : 0.0, picture : string } 200 OK
2022-09-20T22:58:59.297688+0000: INFO|	 GET /api/car/?page=0&per_page=10/ 200 OK
2022-09-20T22:58:59.297688+0000: INFO|	 GET /api/car/?page=0&per_page=10/ 200 OK
2022-09-20T22:59:38.631796+0000: ERROR|	 UPDATE /api/car/{ id : 0, car_number : string, model : string, owner : string, odometer : 0.0, picture : string } 404 NOT FOUND
2022-09-20T22:59:38.631796+0000: ERROR|	 UPDATE /api/car/{ id : 0, car_number : string, model : string, owner : string, odometer : 0.0, picture : string } 404 NOT FOUND
2022-09-20T22:59:55.303013+0000: INFO|	 UPDATE /api/car/{ id : 3, car_number : 3d, model : string, owner : string, odometer : 0.0, picture : string } 200 OK
2022-09-20T22:59:55.303013+0000: INFO|	 UPDATE /api/car/{ id : 3, car_number : 3d, model : string, owner : string, odometer : 0.0, picture : string } 200 OK
2022-09-20T23:00:02.596653+0000: INFO|	 GET /api/car/?page=0&per_page=10/ 200 OK
2022-09-20T23:00:02.596653+0000: INFO|	 GET /api/car/?page=0&per_page=10/ 200 OK
2022-09-20T23:00:26.220504+0000: ERROR|	 DELETE /api/car/0/ 404 NOT FOUND
2022-09-20T23:00:26.220504+0000: ERROR|	 DELETE /api/car/0/ 404 NOT FOUND
2022-09-20T23:00:29.972439+0000: INFO|	 DELETE /api/car/3/ 200 OK
2022-09-20T23:00:29.972439+0000: INFO|	 DELETE /api/car/3/ 200 OK
2022-09-20T23:00:35.273459+0000: INFO|	 DELETE /api/car/4/ 200 OK
2022-09-20T23:00:35.273459+0000: INFO|	 DELETE /api/car/4/ 200 OK
2022-09-20T23:00:39.000807+0000: INFO|	 GET /api/car/?page=0&per_page=10/ 200 OK
2022-09-20T23:00:39.000807+0000: INFO|	 GET /api/car/?page=0&per_page=10/ 200 OK
2022-09-20T23:30:06.732489+0000: ERROR|	 GET /api/car/0/ 404 NOT FOUND
2022-09-20T23:30:06.732489+0000: ERROR|	 GET /api/car/0/ 404 NOT FOUND
2022-09-20T23:30:27.393118+0000: INFO|	 POST /api/car/ { car_number : 123123, model : 12321, owner : 123123, odometer : 0.0, picture : string } 200 OK
2022-09-20T23:30:27.393118+0000: INFO|	 POST /api/car/ { car_number : 123123, model : 12321, owner : 123123, odometer : 0.0, picture : string } 200 OK
2022-09-20T23:30:36.509194+0000: INFO|	 GET /api/car/?page=0&per_page=10/ 200 OK
2022-09-20T23:30:36.509194+0000: INFO|	 GET /api/car/?page=0&per_page=10/ 200 OK
2022-09-20T23:30:44.460752+0000: INFO|	 DELETE /api/car/1/ 200 OK
2022-09-20T23:30:44.460752+0000: INFO|	 DELETE /api/car/1/ 200 OK
2022-09-20T23:30:50.070803+0000: INFO|	 GET /api/car/?page=0&per_page=10/ 200 OK
2022-09-20T23:30:50.070803+0000: INFO|	 GET /api/car/?page=0&per_page=10/ 200 OK
2022-09-20T23:30:59.783942+0000: INFO|	 POST /api/car/ { car_number : 123123, model : 12321, owner : 123123, odometer : 0.0, picture : string } 200 OK
2022-09-20T23:30:59.783942+0000: INFO|	 POST /api/car/ { car_number : 123123, model : 12321, owner : 123123, odometer : 0.0, picture : string } 200 OK
2022-09-20T23:31:08.282897+0000: INFO|	 GET /api/car/?page=0&per_page=10/ 200 OK
2022-09-20T23:31:08.282897+0000: INFO|	 GET /api/car/?page=0&per_page=10/ 200 OK
2022-09-20T23:31:29.725954+0000: INFO|	 UPDATE /api/car/{ id : 2, car_number : None, model : None, owner : None, odometer : None, picture : picture } 200 OK
2022-09-20T23:31:29.725954+0000: INFO|	 UPDATE /api/car/{ id : 2, car_number : None, model : None, owner : None, odometer : None, picture : picture } 200 OK
2022-09-20T23:31:36.213637+0000: INFO|	 GET /api/car/?page=0&per_page=10/ 200 OK
2022-09-20T23:31:36.213637+0000: INFO|	 GET /api/car/?page=0&per_page=10/ 200 OK
2022-09-20T23:31:42.573048+0000: ERROR|	 DELETE /api/car/3/ 404 NOT FOUND
2022-09-20T23:31:42.573048+0000: ERROR|	 DELETE /api/car/3/ 404 NOT FOUND
2022-09-20T23:31:48.264889+0000: INFO|	 DELETE /api/car/2/ 200 OK
2022-09-20T23:31:48.264889+0000: INFO|	 DELETE /api/car/2/ 200 OK
2022-09-20T23:45:01.938842+0000: INFO|	 GET /api/car/?page=0&per_page=10/ 200 OK
2022-09-20T23:45:01.938842+0000: INFO|	 GET /api/car/?page=0&per_page=10/ 200 OK
2022-09-20T23:45:24.302610+0000: INFO|	 GET /api/car/?page=0&per_page=15/ 200 OK
2022-09-20T23:45:24.302610+0000: INFO|	 GET /api/car/?page=0&per_page=15/ 200 OK
2022-09-20T23:47:10.005319+0000: INFO|	 GET /api/car/?page=0&per_page=10/ 200 OK
2022-09-20T23:47:10.005319+0000: INFO|	 GET /api/car/?page=0&per_page=10/ 200 OK
2022-09-20T23:47:10.016521+0000: INFO|	 GET /api/car/?page=0&per_page=10/ 200 OK
2022-09-20T23:47:10.016521+0000: INFO|	 GET /api/car/?page=0&per_page=10/ 200 OK
2022-09-20T23:48:02.591214+0000: INFO|	 GET /api/car/?page=0&per_page=10/ 200 OK
2022-09-20T23:48:02.591214+0000: INFO|	 GET /api/car/?page=0&per_page=10/ 200 OK
2022-09-20T23:48:02.612171+0000: INFO|	 GET /api/car/?page=0&per_page=10/ 200 OK
2022-09-20T23:48:02.612171+0000: INFO|	 GET /api/car/?page=0&per_page=10/ 200 OK
2022-09-20T23:48:06.093447+0000: INFO|	 POST /api/car/ { car_number : , model : , owner : 0, odometer : 0.0, picture : None } 200 OK
2022-09-20T23:48:06.093447+0000: INFO|	 POST /api/car/ { car_number : , model : , owner : 0, odometer : 0.0, picture : None } 200 OK
2022-09-20T23:48:06.207789+0000: INFO|	 GET /api/car/3/ 200 OK
2022-09-20T23:48:06.207789+0000: INFO|	 GET /api/car/3/ 200 OK
2022-09-20T23:48:06.219753+0000: INFO|	 GET /api/car/3/ 200 OK
2022-09-20T23:48:06.219753+0000: INFO|	 GET /api/car/3/ 200 OK
2022-09-20T23:48:15.113296+0000: INFO|	 GET /api/car/?page=0&per_page=10/ 200 OK
2022-09-20T23:48:15.113296+0000: INFO|	 GET /api/car/?page=0&per_page=10/ 200 OK
2022-09-20T23:48:15.124766+0000: INFO|	 GET /api/car/?page=0&per_page=10/ 200 OK
2022-09-20T23:48:15.124766+0000: INFO|	 GET /api/car/?page=0&per_page=10/ 200 OK
2022-09-20T23:48:17.908014+0000: INFO|	 GET /api/car/3/ 200 OK
2022-09-20T23:48:17.908014+0000: INFO|	 GET /api/car/3/ 200 OK
2022-09-20T23:48:17.922579+0000: INFO|	 GET /api/car/3/ 200 OK
2022-09-20T23:48:17.922579+0000: INFO|	 GET /api/car/3/ 200 OK
2022-09-20T23:48:28.942470+0000: INFO|	 GET /api/car/?page=0&per_page=10/ 200 OK
2022-09-20T23:48:28.942470+0000: INFO|	 GET /api/car/?page=0&per_page=10/ 200 OK
2022-09-20T23:48:28.954648+0000: INFO|	 GET /api/car/?page=0&per_page=10/ 200 OK
2022-09-20T23:48:28.954648+0000: INFO|	 GET /api/car/?page=0&per_page=10/ 200 OK
2022-09-20T23:48:52.189397+0000: INFO|	 GET /api/car/3/ 200 OK
2022-09-20T23:48:52.189397+0000: INFO|	 GET /api/car/3/ 200 OK
2022-09-20T23:48:52.207322+0000: INFO|	 GET /api/car/3/ 200 OK
2022-09-20T23:48:52.207322+0000: INFO|	 GET /api/car/3/ 200 OK
2022-09-20T23:53:24.232814+0000: INFO|	 GET /api/car/?page=0&per_page=10/ 200 OK
2022-09-20T23:53:24.232814+0000: INFO|	 GET /api/car/?page=0&per_page=10/ 200 OK
2022-09-20T23:53:24.245537+0000: INFO|	 GET /api/car/?page=0&per_page=10/ 200 OK
2022-09-20T23:53:24.245537+0000: INFO|	 GET /api/car/?page=0&per_page=10/ 200 OK
2022-09-20T23:54:05.477468+0000: INFO|	 POST /api/car/ { car_number : , model : , owner : 0, odometer : 0.0, picture : None } 200 OK
2022-09-20T23:54:05.477468+0000: INFO|	 POST /api/car/ { car_number : , model : , owner : 0, odometer : 0.0, picture : None } 200 OK
2022-09-20T23:54:05.518568+0000: INFO|	 GET /api/car/3/ 200 OK
2022-09-20T23:54:05.518568+0000: INFO|	 GET /api/car/3/ 200 OK
2022-09-20T23:54:05.601222+0000: INFO|	 GET /api/car/3/ 200 OK
2022-09-20T23:54:05.601222+0000: INFO|	 GET /api/car/3/ 200 OK
2022-09-20T23:56:02.069410+0000: INFO|	 GET /api/car/?page=0&per_page=10/ 200 OK
2022-09-20T23:56:02.069410+0000: INFO|	 GET /api/car/?page=0&per_page=10/ 200 OK
2022-09-20T23:56:02.081899+0000: INFO|	 GET /api/car/?page=0&per_page=10/ 200 OK
2022-09-20T23:56:02.081899+0000: INFO|	 GET /api/car/?page=0&per_page=10/ 200 OK
